running egg_info
creating ../../build/joystick_pacs/joystick_pacs.egg-info
writing ../../build/joystick_pacs/joystick_pacs.egg-info/PKG-INFO
writing dependency_links to ../../build/joystick_pacs/joystick_pacs.egg-info/dependency_links.txt
writing entry points to ../../build/joystick_pacs/joystick_pacs.egg-info/entry_points.txt
writing requirements to ../../build/joystick_pacs/joystick_pacs.egg-info/requires.txt
writing top-level names to ../../build/joystick_pacs/joystick_pacs.egg-info/top_level.txt
writing manifest file '../../build/joystick_pacs/joystick_pacs.egg-info/SOURCES.txt'
reading manifest file '../../build/joystick_pacs/joystick_pacs.egg-info/SOURCES.txt'
writing manifest file '../../build/joystick_pacs/joystick_pacs.egg-info/SOURCES.txt'
running build
running build_py
creating /home/purahan/rov_ws/build/joystick_pacs/build
creating /home/purahan/rov_ws/build/joystick_pacs/build/lib
creating /home/purahan/rov_ws/build/joystick_pacs/build/lib/joystick_pacs
copying joystick_pacs/imu_publisher.py -> /home/purahan/rov_ws/build/joystick_pacs/build/lib/joystick_pacs
copying joystick_pacs/simple_serial_publisher.py -> /home/purahan/rov_ws/build/joystick_pacs/build/lib/joystick_pacs
copying joystick_pacs/sauvc_quali_task.py -> /home/purahan/rov_ws/build/joystick_pacs/build/lib/joystick_pacs
copying joystick_pacs/armPublisher.py -> /home/purahan/rov_ws/build/joystick_pacs/build/lib/joystick_pacs
copying joystick_pacs/serialPublisher.py -> /home/purahan/rov_ws/build/joystick_pacs/build/lib/joystick_pacs
copying joystick_pacs/js_test.py -> /home/purahan/rov_ws/build/joystick_pacs/build/lib/joystick_pacs
copying joystick_pacs/__init__.py -> /home/purahan/rov_ws/build/joystick_pacs/build/lib/joystick_pacs
copying joystick_pacs/JoyPublisher.py -> /home/purahan/rov_ws/build/joystick_pacs/build/lib/joystick_pacs
copying joystick_pacs/calibrationNode.py -> /home/purahan/rov_ws/build/joystick_pacs/build/lib/joystick_pacs
copying joystick_pacs/controlled_publisher.py -> /home/purahan/rov_ws/build/joystick_pacs/build/lib/joystick_pacs
copying joystick_pacs/esp32_bridge.py -> /home/purahan/rov_ws/build/joystick_pacs/build/lib/joystick_pacs
running install
running install_lib
creating /home/purahan/rov_ws/install/joystick_pacs/lib/python3.10/site-packages/joystick_pacs
copying /home/purahan/rov_ws/build/joystick_pacs/build/lib/joystick_pacs/imu_publisher.py -> /home/purahan/rov_ws/install/joystick_pacs/lib/python3.10/site-packages/joystick_pacs
copying /home/purahan/rov_ws/build/joystick_pacs/build/lib/joystick_pacs/simple_serial_publisher.py -> /home/purahan/rov_ws/install/joystick_pacs/lib/python3.10/site-packages/joystick_pacs
copying /home/purahan/rov_ws/build/joystick_pacs/build/lib/joystick_pacs/sauvc_quali_task.py -> /home/purahan/rov_ws/install/joystick_pacs/lib/python3.10/site-packages/joystick_pacs
copying /home/purahan/rov_ws/build/joystick_pacs/build/lib/joystick_pacs/armPublisher.py -> /home/purahan/rov_ws/install/joystick_pacs/lib/python3.10/site-packages/joystick_pacs
copying /home/purahan/rov_ws/build/joystick_pacs/build/lib/joystick_pacs/serialPublisher.py -> /home/purahan/rov_ws/install/joystick_pacs/lib/python3.10/site-packages/joystick_pacs
copying /home/purahan/rov_ws/build/joystick_pacs/build/lib/joystick_pacs/js_test.py -> /home/purahan/rov_ws/install/joystick_pacs/lib/python3.10/site-packages/joystick_pacs
copying /home/purahan/rov_ws/build/joystick_pacs/build/lib/joystick_pacs/__init__.py -> /home/purahan/rov_ws/install/joystick_pacs/lib/python3.10/site-packages/joystick_pacs
copying /home/purahan/rov_ws/build/joystick_pacs/build/lib/joystick_pacs/JoyPublisher.py -> /home/purahan/rov_ws/install/joystick_pacs/lib/python3.10/site-packages/joystick_pacs
copying /home/purahan/rov_ws/build/joystick_pacs/build/lib/joystick_pacs/calibrationNode.py -> /home/purahan/rov_ws/install/joystick_pacs/lib/python3.10/site-packages/joystick_pacs
copying /home/purahan/rov_ws/build/joystick_pacs/build/lib/joystick_pacs/controlled_publisher.py -> /home/purahan/rov_ws/install/joystick_pacs/lib/python3.10/site-packages/joystick_pacs
copying /home/purahan/rov_ws/build/joystick_pacs/build/lib/joystick_pacs/esp32_bridge.py -> /home/purahan/rov_ws/install/joystick_pacs/lib/python3.10/site-packages/joystick_pacs
byte-compiling /home/purahan/rov_ws/install/joystick_pacs/lib/python3.10/site-packages/joystick_pacs/imu_publisher.py to imu_publisher.cpython-310.pyc
byte-compiling /home/purahan/rov_ws/install/joystick_pacs/lib/python3.10/site-packages/joystick_pacs/simple_serial_publisher.py to simple_serial_publisher.cpython-310.pyc
byte-compiling /home/purahan/rov_ws/install/joystick_pacs/lib/python3.10/site-packages/joystick_pacs/sauvc_quali_task.py to sauvc_quali_task.cpython-310.pyc
byte-compiling /home/purahan/rov_ws/install/joystick_pacs/lib/python3.10/site-packages/joystick_pacs/armPublisher.py to armPublisher.cpython-310.pyc
byte-compiling /home/purahan/rov_ws/install/joystick_pacs/lib/python3.10/site-packages/joystick_pacs/serialPublisher.py to serialPublisher.cpython-310.pyc
byte-compiling /home/purahan/rov_ws/install/joystick_pacs/lib/python3.10/site-packages/joystick_pacs/js_test.py to js_test.cpython-310.pyc
byte-compiling /home/purahan/rov_ws/install/joystick_pacs/lib/python3.10/site-packages/joystick_pacs/__init__.py to __init__.cpython-310.pyc
byte-compiling /home/purahan/rov_ws/install/joystick_pacs/lib/python3.10/site-packages/joystick_pacs/JoyPublisher.py to JoyPublisher.cpython-310.pyc
byte-compiling /home/purahan/rov_ws/install/joystick_pacs/lib/python3.10/site-packages/joystick_pacs/calibrationNode.py to calibrationNode.cpython-310.pyc
byte-compiling /home/purahan/rov_ws/install/joystick_pacs/lib/python3.10/site-packages/joystick_pacs/controlled_publisher.py to controlled_publisher.cpython-310.pyc
byte-compiling /home/purahan/rov_ws/install/joystick_pacs/lib/python3.10/site-packages/joystick_pacs/esp32_bridge.py to esp32_bridge.cpython-310.pyc
running install_data
creating /home/purahan/rov_ws/install/joystick_pacs/share/ament_index
creating /home/purahan/rov_ws/install/joystick_pacs/share/ament_index/resource_index
creating /home/purahan/rov_ws/install/joystick_pacs/share/ament_index/resource_index/packages
copying resource/joystick_pacs -> /home/purahan/rov_ws/install/joystick_pacs/share/ament_index/resource_index/packages
copying package.xml -> /home/purahan/rov_ws/install/joystick_pacs/share/joystick_pacs
running install_egg_info
Copying ../../build/joystick_pacs/joystick_pacs.egg-info to /home/purahan/rov_ws/install/joystick_pacs/lib/python3.10/site-packages/joystick_pacs-0.0.0-py3.10.egg-info
running install_scripts
Installing armPub script to /home/purahan/rov_ws/install/joystick_pacs/lib/joystick_pacs
Installing calibration_node script to /home/purahan/rov_ws/install/joystick_pacs/lib/joystick_pacs
Installing controlled_pub script to /home/purahan/rov_ws/install/joystick_pacs/lib/joystick_pacs
Installing esp32_bridge script to /home/purahan/rov_ws/install/joystick_pacs/lib/joystick_pacs
Installing imu_pub script to /home/purahan/rov_ws/install/joystick_pacs/lib/joystick_pacs
Installing joy_node script to /home/purahan/rov_ws/install/joystick_pacs/lib/joystick_pacs
Installing quali_state_machine script to /home/purahan/rov_ws/install/joystick_pacs/lib/joystick_pacs
Installing serialPub script to /home/purahan/rov_ws/install/joystick_pacs/lib/joystick_pacs
Installing simple_serial_pub script to /home/purahan/rov_ws/install/joystick_pacs/lib/joystick_pacs
writing list of installed files to '/home/purahan/rov_ws/build/joystick_pacs/install.log'
